{"context":"RoutesResolver","level":"info","message":"UserController {/api/users}:"}
{"context":"RouterExplorer","level":"info","message":"Mapped {/api/users/register, POST} route"}
{"context":"RouterExplorer","level":"info","message":"Mapped {/api/users/unregister, POST} route"}
{"context":"RouterExplorer","level":"info","message":"Mapped {/api/users/:id, PUT} route"}
{"context":"RouterExplorer","level":"info","message":"Mapped {/api/users/:id, DELETE} route"}
{"context":"RoutesResolver","level":"info","message":"AdminController {/api/admin}:"}
{"context":"RouterExplorer","level":"info","message":"Mapped {/api/admin/create, POST} route"}
{"context":"RouterExplorer","level":"info","message":"Mapped {/api/admin/login, POST} route"}
{"context":"RouterExplorer","level":"info","message":"Mapped {/api/admin/logout, GET} route"}
{"context":"RouterExplorer","level":"info","message":"Mapped {/api/admin/create-user, POST} route"}
{"context":"RouterExplorer","level":"info","message":"Mapped {/api/admin/users/:id, DELETE} route"}
{"context":"RouterExplorer","level":"info","message":"Mapped {/api/admin/users, GET} route"}
{"context":"RouterExplorer","level":"info","message":"Mapped {/api/admin/users/:id/toggle-subscription, POST} route"}
{"context":"RouterExplorer","level":"info","message":"Mapped {/api/admin/tips-add, POST} route"}
{"context":"RouterExplorer","level":"info","message":"Mapped {/api/admin/tips, GET} route"}
{"context":"RouterExplorer","level":"info","message":"Mapped {/api/admin/tips/:id, GET} route"}
{"context":"RouterExplorer","level":"info","message":"Mapped {/api/admin/news/add, POST} route"}
{"context":"RouterExplorer","level":"info","message":"Mapped {/api/admin/tips/news/:id, GET} route"}
{"context":"RouterExplorer","level":"info","message":"Mapped {/api/admin/news/:id, GET} route"}
{"context":"RouterExplorer","level":"info","message":"Mapped {/api/admin/news/update/:id, POST} route"}
{"context":"RouterExplorer","level":"info","message":"Mapped {/api/admin/news/:id, DELETE} route"}
{"context":"RoutesResolver","level":"info","message":"CronController {/api/cron}:"}
{"context":"RouterExplorer","level":"info","message":"Mapped {/api/cron/create-job, POST} route"}
{"context":"RouterExplorer","level":"info","message":"Mapped {/api/cron/get-jobs, GET} route"}
{"context":"RouterExplorer","level":"info","message":"Mapped {/api/cron/update-job, POST} route"}
{"context":"RouterExplorer","level":"info","message":"Mapped {/api/cron/delete-job/:id, POST} route"}
{"context":"RoutesResolver","level":"info","message":"EmailController {/api/email}:"}
{"context":"RouterExplorer","level":"info","message":"Mapped {/api/email/status, GET} route"}
{"context":"RouterExplorer","level":"info","message":"Mapped {/api/email/sendemail, POST} route"}
{"context":"RouterExplorer","level":"info","message":"Mapped {/api/email/automatedemail, POST} route"}
{"context":"RouterExplorer","level":"info","message":"Mapped {/api/email/emailsorder, GET} route"}
{"context":"NestApplication","level":"info","message":"Nest application successfully started"}
{"level":"info","message":"🚀 Application is running on: http://localhost:3300/api"}
